{"/Users/edo/Dropbox/fs-course/part5/bloglist-frontend/src/App.jsx": {"path":"/Users/edo/Dropbox/fs-course/part5/bloglist-frontend/src/App.jsx","statementMap":{"0":{"start":{"line":12,"column":12},"end":{"line":243,"column":1}},"1":{"start":{"line":14,"column":56},"end":{"line":14,"column":70}},"2":{"start":{"line":16,"column":26},"end":{"line":16,"column":40}},"3":{"start":{"line":17,"column":28},"end":{"line":17,"column":40}},"4":{"start":{"line":18,"column":34},"end":{"line":18,"column":46}},"5":{"start":{"line":19,"column":34},"end":{"line":19,"column":46}},"6":{"start":{"line":25,"column":2},"end":{"line":36,"column":8}},"7":{"start":{"line":27,"column":27},"end":{"line":27,"column":68}},"8":{"start":{"line":29,"column":4},"end":{"line":34,"column":5}},"9":{"start":{"line":31,"column":19},"end":{"line":31,"column":45}},"10":{"start":{"line":32,"column":6},"end":{"line":32,"column":19}},"11":{"start":{"line":33,"column":6},"end":{"line":33,"column":38}},"12":{"start":{"line":39,"column":2},"end":{"line":51,"column":12}},"13":{"start":{"line":41,"column":4},"end":{"line":48,"column":5}},"14":{"start":{"line":43,"column":25},"end":{"line":45,"column":7}},"15":{"start":{"line":44,"column":8},"end":{"line":44,"column":27}},"16":{"start":{"line":47,"column":6},"end":{"line":47,"column":18}},"17":{"start":{"line":57,"column":22},"end":{"line":88,"column":3}},"18":{"start":{"line":59,"column":4},"end":{"line":59,"column":26}},"19":{"start":{"line":60,"column":4},"end":{"line":60,"column":54}},"20":{"start":{"line":62,"column":4},"end":{"line":87,"column":5}},"21":{"start":{"line":64,"column":19},"end":{"line":67,"column":8}},"22":{"start":{"line":69,"column":6},"end":{"line":69,"column":47}},"23":{"start":{"line":71,"column":6},"end":{"line":71,"column":69}},"24":{"start":{"line":72,"column":6},"end":{"line":72,"column":38}},"25":{"start":{"line":74,"column":6},"end":{"line":74,"column":19}},"26":{"start":{"line":75,"column":6},"end":{"line":75,"column":21}},"27":{"start":{"line":76,"column":6},"end":{"line":76,"column":21}},"28":{"start":{"line":78,"column":6},"end":{"line":78,"column":40}},"29":{"start":{"line":82,"column":6},"end":{"line":82,"column":90}},"30":{"start":{"line":84,"column":6},"end":{"line":86,"column":14}},"31":{"start":{"line":85,"column":8},"end":{"line":85,"column":36}},"32":{"start":{"line":91,"column":23},"end":{"line":111,"column":3}},"33":{"start":{"line":93,"column":4},"end":{"line":93,"column":26}},"34":{"start":{"line":94,"column":4},"end":{"line":94,"column":41}},"35":{"start":{"line":96,"column":4},"end":{"line":110,"column":5}},"36":{"start":{"line":98,"column":6},"end":{"line":98,"column":33}},"37":{"start":{"line":99,"column":6},"end":{"line":99,"column":32}},"38":{"start":{"line":101,"column":6},"end":{"line":101,"column":19}},"39":{"start":{"line":105,"column":6},"end":{"line":105,"column":77}},"40":{"start":{"line":107,"column":6},"end":{"line":109,"column":14}},"41":{"start":{"line":108,"column":8},"end":{"line":108,"column":36}},"42":{"start":{"line":114,"column":18},"end":{"line":144,"column":3}},"43":{"start":{"line":116,"column":4},"end":{"line":116,"column":42}},"44":{"start":{"line":118,"column":4},"end":{"line":143,"column":5}},"45":{"start":{"line":120,"column":6},"end":{"line":120,"column":44}},"46":{"start":{"line":122,"column":24},"end":{"line":122,"column":57}},"47":{"start":{"line":124,"column":6},"end":{"line":124,"column":51}},"48":{"start":{"line":128,"column":6},"end":{"line":128,"column":19}},"49":{"start":{"line":130,"column":6},"end":{"line":130,"column":111}},"50":{"start":{"line":132,"column":6},"end":{"line":134,"column":14}},"51":{"start":{"line":133,"column":8},"end":{"line":133,"column":36}},"52":{"start":{"line":138,"column":6},"end":{"line":138,"column":99}},"53":{"start":{"line":140,"column":6},"end":{"line":142,"column":14}},"54":{"start":{"line":141,"column":8},"end":{"line":141,"column":36}},"55":{"start":{"line":146,"column":18},"end":{"line":153,"column":3}},"56":{"start":{"line":150,"column":4},"end":{"line":150,"column":41}},"57":{"start":{"line":152,"column":4},"end":{"line":152,"column":17}},"58":{"start":{"line":155,"column":21},"end":{"line":163,"column":3}},"59":{"start":{"line":157,"column":4},"end":{"line":162,"column":5}},"60":{"start":{"line":159,"column":6},"end":{"line":159,"column":44}},"61":{"start":{"line":161,"column":6},"end":{"line":161,"column":19}},"62":{"start":{"line":166,"column":22},"end":{"line":175,"column":3}},"63":{"start":{"line":168,"column":18},"end":{"line":168,"column":44}},"64":{"start":{"line":170,"column":4},"end":{"line":170,"column":43}},"65":{"start":{"line":170,"column":25},"end":{"line":170,"column":42}},"66":{"start":{"line":172,"column":4},"end":{"line":172,"column":19}},"67":{"start":{"line":181,"column":20},"end":{"line":195,"column":3}},"68":{"start":{"line":183,"column":4},"end":{"line":194,"column":5}},"69":{"start":{"line":189,"column":48},"end":{"line":189,"column":73}},"70":{"start":{"line":190,"column":48},"end":{"line":190,"column":73}},"71":{"start":{"line":197,"column":22},"end":{"line":197,"column":30}},"72":{"start":{"line":199,"column":19},"end":{"line":210,"column":3}},"73":{"start":{"line":201,"column":4},"end":{"line":207,"column":16}},"74":{"start":{"line":212,"column":19},"end":{"line":223,"column":3}},"75":{"start":{"line":214,"column":4},"end":{"line":222,"column":7}},"76":{"start":{"line":218,"column":8},"end":{"line":218,"column":81}},"77":{"start":{"line":226,"column":2},"end":{"line":242,"column":3}}},"fnMap":{"0":{"name":"(anonymous_0)","decl":{"start":{"line":12,"column":12},"end":{"line":12,"column":13}},"loc":{"start":{"line":12,"column":18},"end":{"line":243,"column":1}},"line":12},"1":{"name":"(anonymous_1)","decl":{"start":{"line":25,"column":12},"end":{"line":25,"column":13}},"loc":{"start":{"line":25,"column":18},"end":{"line":36,"column":3}},"line":25},"2":{"name":"(anonymous_2)","decl":{"start":{"line":39,"column":12},"end":{"line":39,"column":13}},"loc":{"start":{"line":39,"column":18},"end":{"line":51,"column":3}},"line":39},"3":{"name":"(anonymous_3)","decl":{"start":{"line":43,"column":25},"end":{"line":43,"column":26}},"loc":{"start":{"line":43,"column":37},"end":{"line":45,"column":7}},"line":43},"4":{"name":"(anonymous_4)","decl":{"start":{"line":57,"column":22},"end":{"line":57,"column":23}},"loc":{"start":{"line":57,"column":39},"end":{"line":88,"column":3}},"line":57},"5":{"name":"(anonymous_5)","decl":{"start":{"line":84,"column":17},"end":{"line":84,"column":18}},"loc":{"start":{"line":84,"column":23},"end":{"line":86,"column":7}},"line":84},"6":{"name":"(anonymous_6)","decl":{"start":{"line":91,"column":23},"end":{"line":91,"column":24}},"loc":{"start":{"line":91,"column":40},"end":{"line":111,"column":3}},"line":91},"7":{"name":"(anonymous_7)","decl":{"start":{"line":107,"column":17},"end":{"line":107,"column":18}},"loc":{"start":{"line":107,"column":23},"end":{"line":109,"column":7}},"line":107},"8":{"name":"(anonymous_8)","decl":{"start":{"line":114,"column":18},"end":{"line":114,"column":19}},"loc":{"start":{"line":114,"column":37},"end":{"line":144,"column":3}},"line":114},"9":{"name":"(anonymous_9)","decl":{"start":{"line":132,"column":17},"end":{"line":132,"column":18}},"loc":{"start":{"line":132,"column":23},"end":{"line":134,"column":7}},"line":132},"10":{"name":"(anonymous_10)","decl":{"start":{"line":140,"column":17},"end":{"line":140,"column":18}},"loc":{"start":{"line":140,"column":23},"end":{"line":142,"column":7}},"line":140},"11":{"name":"(anonymous_11)","decl":{"start":{"line":146,"column":18},"end":{"line":146,"column":19}},"loc":{"start":{"line":146,"column":41},"end":{"line":153,"column":3}},"line":146},"12":{"name":"(anonymous_12)","decl":{"start":{"line":155,"column":21},"end":{"line":155,"column":22}},"loc":{"start":{"line":155,"column":37},"end":{"line":163,"column":3}},"line":155},"13":{"name":"(anonymous_13)","decl":{"start":{"line":166,"column":22},"end":{"line":166,"column":23}},"loc":{"start":{"line":166,"column":34},"end":{"line":175,"column":3}},"line":166},"14":{"name":"(anonymous_14)","decl":{"start":{"line":170,"column":15},"end":{"line":170,"column":16}},"loc":{"start":{"line":170,"column":25},"end":{"line":170,"column":42}},"line":170},"15":{"name":"(anonymous_15)","decl":{"start":{"line":181,"column":20},"end":{"line":181,"column":21}},"loc":{"start":{"line":181,"column":26},"end":{"line":195,"column":3}},"line":181},"16":{"name":"(anonymous_16)","decl":{"start":{"line":189,"column":32},"end":{"line":189,"column":33}},"loc":{"start":{"line":189,"column":48},"end":{"line":189,"column":73}},"line":189},"17":{"name":"(anonymous_17)","decl":{"start":{"line":190,"column":32},"end":{"line":190,"column":33}},"loc":{"start":{"line":190,"column":48},"end":{"line":190,"column":73}},"line":190},"18":{"name":"(anonymous_18)","decl":{"start":{"line":199,"column":19},"end":{"line":199,"column":20}},"loc":{"start":{"line":201,"column":4},"end":{"line":207,"column":16}},"line":201},"19":{"name":"(anonymous_19)","decl":{"start":{"line":212,"column":19},"end":{"line":212,"column":20}},"loc":{"start":{"line":214,"column":4},"end":{"line":222,"column":7}},"line":214},"20":{"name":"(anonymous_20)","decl":{"start":{"line":216,"column":17},"end":{"line":216,"column":18}},"loc":{"start":{"line":218,"column":8},"end":{"line":218,"column":81}},"line":218}},"branchMap":{"0":{"loc":{"start":{"line":29,"column":4},"end":{"line":34,"column":5}},"type":"if","locations":[{"start":{"line":29,"column":4},"end":{"line":34,"column":5}},{"start":{},"end":{}}],"line":29},"1":{"loc":{"start":{"line":41,"column":4},"end":{"line":48,"column":5}},"type":"if","locations":[{"start":{"line":41,"column":4},"end":{"line":48,"column":5}},{"start":{},"end":{}}],"line":41},"2":{"loc":{"start":{"line":157,"column":4},"end":{"line":162,"column":5}},"type":"if","locations":[{"start":{"line":157,"column":4},"end":{"line":162,"column":5}},{"start":{},"end":{}}],"line":157},"3":{"loc":{"start":{"line":233,"column":7},"end":{"line":233,"column":35}},"type":"binary-expr","locations":[{"start":{"line":233,"column":7},"end":{"line":233,"column":20}},{"start":{"line":233,"column":24},"end":{"line":233,"column":35}}],"line":233},"4":{"loc":{"start":{"line":234,"column":7},"end":{"line":238,"column":14}},"type":"binary-expr","locations":[{"start":{"line":234,"column":7},"end":{"line":234,"column":20}},{"start":{"line":235,"column":8},"end":{"line":238,"column":14}}],"line":234},"5":{"loc":{"start":{"line":239,"column":7},"end":{"line":239,"column":34}},"type":"binary-expr","locations":[{"start":{"line":239,"column":7},"end":{"line":239,"column":20}},{"start":{"line":239,"column":24},"end":{"line":239,"column":34}}],"line":239}},"s":{"0":0,"1":0,"2":0,"3":0,"4":0,"5":0,"6":0,"7":0,"8":0,"9":0,"10":0,"11":0,"12":0,"13":0,"14":0,"15":0,"16":0,"17":0,"18":0,"19":0,"20":0,"21":0,"22":0,"23":0,"24":0,"25":0,"26":0,"27":0,"28":0,"29":0,"30":0,"31":0,"32":0,"33":0,"34":0,"35":0,"36":0,"37":0,"38":0,"39":0,"40":0,"41":0,"42":0,"43":0,"44":0,"45":0,"46":0,"47":0,"48":0,"49":0,"50":0,"51":0,"52":0,"53":0,"54":0,"55":0,"56":0,"57":0,"58":0,"59":0,"60":0,"61":0,"62":0,"63":0,"64":0,"65":0,"66":0,"67":0,"68":0,"69":0,"70":0,"71":0,"72":0,"73":0,"74":0,"75":0,"76":0,"77":0},"f":{"0":0,"1":0,"2":0,"3":0,"4":0,"5":0,"6":0,"7":0,"8":0,"9":0,"10":0,"11":0,"12":0,"13":0,"14":0,"15":0,"16":0,"17":0,"18":0,"19":0,"20":0},"b":{"0":[0,0],"1":[0,0],"2":[0,0],"3":[0,0],"4":[0,0],"5":[0,0]}}
,"/Users/edo/Dropbox/fs-course/part5/bloglist-frontend/src/main.jsx": {"path":"/Users/edo/Dropbox/fs-course/part5/bloglist-frontend/src/main.jsx","statementMap":{"0":{"start":{"line":4,"column":0},"end":{"line":4,"column":68}}},"fnMap":{},"branchMap":{},"s":{"0":0},"f":{},"b":{}}
,"/Users/edo/Dropbox/fs-course/part5/bloglist-frontend/src/components/Blog.jsx": {"path":"/Users/edo/Dropbox/fs-course/part5/bloglist-frontend/src/components/Blog.jsx","statementMap":{"0":{"start":{"line":3,"column":23},"end":{"line":10,"column":1}},"1":{"start":{"line":12,"column":19},"end":{"line":15,"column":1}},"2":{"start":{"line":17,"column":19},"end":{"line":20,"column":1}},"3":{"start":{"line":22,"column":20},"end":{"line":25,"column":1}},"4":{"start":{"line":27,"column":16},"end":{"line":31,"column":1}},"5":{"start":{"line":33,"column":13},"end":{"line":95,"column":1}},"6":{"start":{"line":35,"column":37},"end":{"line":35,"column":42}},"7":{"start":{"line":37,"column":28},"end":{"line":37,"column":48}},"8":{"start":{"line":38,"column":32},"end":{"line":38,"column":47}},"9":{"start":{"line":39,"column":40},"end":{"line":39,"column":56}},"10":{"start":{"line":41,"column":31},"end":{"line":41,"column":65}},"11":{"start":{"line":43,"column":27},"end":{"line":51,"column":3}},"12":{"start":{"line":45,"column":4},"end":{"line":45,"column":26}},"13":{"start":{"line":47,"column":18},"end":{"line":47,"column":43}},"14":{"start":{"line":49,"column":4},"end":{"line":49,"column":24}},"15":{"start":{"line":50,"column":4},"end":{"line":50,"column":25}},"16":{"start":{"line":53,"column":18},"end":{"line":64,"column":3}},"17":{"start":{"line":55,"column":4},"end":{"line":55,"column":26}},"18":{"start":{"line":57,"column":27},"end":{"line":57,"column":53}},"19":{"start":{"line":57,"column":41},"end":{"line":57,"column":53}},"20":{"start":{"line":59,"column":25},"end":{"line":59,"column":46}},"21":{"start":{"line":61,"column":4},"end":{"line":61,"column":26}},"22":{"start":{"line":62,"column":4},"end":{"line":62,"column":44}},"23":{"start":{"line":66,"column":21},"end":{"line":71,"column":3}},"24":{"start":{"line":68,"column":4},"end":{"line":68,"column":26}},"25":{"start":{"line":70,"column":4},"end":{"line":70,"column":18}},"26":{"start":{"line":74,"column":2},"end":{"line":93,"column":3}}},"fnMap":{"0":{"name":"(anonymous_0)","decl":{"start":{"line":33,"column":13},"end":{"line":33,"column":14}},"loc":{"start":{"line":33,"column":24},"end":{"line":95,"column":1}},"line":33},"1":{"name":"(anonymous_1)","decl":{"start":{"line":43,"column":27},"end":{"line":43,"column":28}},"loc":{"start":{"line":43,"column":38},"end":{"line":51,"column":3}},"line":43},"2":{"name":"(anonymous_2)","decl":{"start":{"line":53,"column":18},"end":{"line":53,"column":19}},"loc":{"start":{"line":53,"column":29},"end":{"line":64,"column":3}},"line":53},"3":{"name":"(anonymous_3)","decl":{"start":{"line":57,"column":27},"end":{"line":57,"column":28}},"loc":{"start":{"line":57,"column":41},"end":{"line":57,"column":53}},"line":57},"4":{"name":"(anonymous_4)","decl":{"start":{"line":66,"column":21},"end":{"line":66,"column":22}},"loc":{"start":{"line":66,"column":32},"end":{"line":71,"column":3}},"line":66}},"branchMap":{"0":{"loc":{"start":{"line":41,"column":42},"end":{"line":41,"column":63}},"type":"cond-expr","locations":[{"start":{"line":41,"column":52},"end":{"line":41,"column":54}},{"start":{"line":41,"column":57},"end":{"line":41,"column":63}}],"line":41},"1":{"loc":{"start":{"line":47,"column":18},"end":{"line":47,"column":43}},"type":"cond-expr","locations":[{"start":{"line":47,"column":28},"end":{"line":47,"column":34}},{"start":{"line":47,"column":37},"end":{"line":47,"column":43}}],"line":47}},"s":{"0":1,"1":1,"2":1,"3":1,"4":1,"5":1,"6":2,"7":2,"8":2,"9":2,"10":2,"11":2,"12":0,"13":0,"14":0,"15":0,"16":2,"17":1,"18":1,"19":1,"20":1,"21":1,"22":1,"23":2,"24":0,"25":0,"26":2},"f":{"0":2,"1":0,"2":1,"3":1,"4":0},"b":{"0":[0,2],"1":[0,0]},"_coverageSchema":"1a1c01bbd47fc00a2c39e90264f33305004495a9","hash":"4bba8852c865de891aea2952da72d04aeba759db"}
,"/Users/edo/Dropbox/fs-course/part5/bloglist-frontend/src/components/BlogForm.jsx": {"path":"/Users/edo/Dropbox/fs-course/part5/bloglist-frontend/src/components/BlogForm.jsx","statementMap":{"0":{"start":{"line":4,"column":17},"end":{"line":69,"column":1}},"1":{"start":{"line":6,"column":22},"end":{"line":6,"column":27}},"2":{"start":{"line":8,"column":33},"end":{"line":8,"column":79}},"3":{"start":{"line":10,"column":22},"end":{"line":19,"column":2}},"4":{"start":{"line":12,"column":2},"end":{"line":12,"column":24}},"5":{"start":{"line":14,"column":2},"end":{"line":14,"column":55}},"6":{"start":{"line":16,"column":2},"end":{"line":16,"column":21}},"7":{"start":{"line":18,"column":2},"end":{"line":18,"column":50}},"8":{"start":{"line":21,"column":1},"end":{"line":68,"column":5}},"9":{"start":{"line":36,"column":37},"end":{"line":36,"column":86}},"10":{"start":{"line":47,"column":37},"end":{"line":47,"column":87}},"11":{"start":{"line":58,"column":37},"end":{"line":58,"column":84}}},"fnMap":{"0":{"name":"(anonymous_0)","decl":{"start":{"line":4,"column":17},"end":{"line":4,"column":18}},"loc":{"start":{"line":4,"column":30},"end":{"line":69,"column":1}},"line":4},"1":{"name":"(anonymous_1)","decl":{"start":{"line":10,"column":22},"end":{"line":10,"column":23}},"loc":{"start":{"line":10,"column":35},"end":{"line":19,"column":2}},"line":10},"2":{"name":"(anonymous_2)","decl":{"start":{"line":36,"column":23},"end":{"line":36,"column":24}},"loc":{"start":{"line":36,"column":37},"end":{"line":36,"column":86}},"line":36},"3":{"name":"(anonymous_3)","decl":{"start":{"line":47,"column":23},"end":{"line":47,"column":24}},"loc":{"start":{"line":47,"column":37},"end":{"line":47,"column":87}},"line":47},"4":{"name":"(anonymous_4)","decl":{"start":{"line":58,"column":23},"end":{"line":58,"column":24}},"loc":{"start":{"line":58,"column":37},"end":{"line":58,"column":84}},"line":58}},"branchMap":{},"s":{"0":1,"1":19,"2":19,"3":19,"4":1,"5":1,"6":1,"7":1,"8":19,"9":17,"10":0,"11":0},"f":{"0":19,"1":1,"2":17,"3":0,"4":0},"b":{},"_coverageSchema":"1a1c01bbd47fc00a2c39e90264f33305004495a9","hash":"2eef0d60e71bc2538dd5071abdc21bfc6dfdf1bf"}
,"/Users/edo/Dropbox/fs-course/part5/bloglist-frontend/src/components/LoginForm.jsx": {"path":"/Users/edo/Dropbox/fs-course/part5/bloglist-frontend/src/components/LoginForm.jsx","statementMap":{"0":{"start":{"line":3,"column":18},"end":{"line":35,"column":1}},"1":{"start":{"line":9,"column":17},"end":{"line":9,"column":22}},"2":{"start":{"line":11,"column":2},"end":{"line":34,"column":3}},"3":{"start":{"line":37,"column":0},"end":{"line":44,"column":1}}},"fnMap":{"0":{"name":"(anonymous_0)","decl":{"start":{"line":3,"column":18},"end":{"line":3,"column":19}},"loc":{"start":{"line":3,"column":29},"end":{"line":35,"column":1}},"line":3}},"branchMap":{},"s":{"0":0,"1":0,"2":0,"3":0},"f":{"0":0},"b":{}}
,"/Users/edo/Dropbox/fs-course/part5/bloglist-frontend/src/components/Notification.jsx": {"path":"/Users/edo/Dropbox/fs-course/part5/bloglist-frontend/src/components/Notification.jsx","statementMap":{"0":{"start":{"line":1,"column":21},"end":{"line":26,"column":1}},"1":{"start":{"line":3,"column":22},"end":{"line":3,"column":27}},"2":{"start":{"line":5,"column":2},"end":{"line":8,"column":3}},"3":{"start":{"line":7,"column":4},"end":{"line":7,"column":15}},"4":{"start":{"line":10,"column":2},"end":{"line":18,"column":3}},"5":{"start":{"line":12,"column":4},"end":{"line":17,"column":5}},"6":{"start":{"line":20,"column":2},"end":{"line":25,"column":3}}},"fnMap":{"0":{"name":"(anonymous_0)","decl":{"start":{"line":1,"column":21},"end":{"line":1,"column":22}},"loc":{"start":{"line":1,"column":32},"end":{"line":26,"column":1}},"line":1}},"branchMap":{"0":{"loc":{"start":{"line":5,"column":2},"end":{"line":8,"column":3}},"type":"if","locations":[{"start":{"line":5,"column":2},"end":{"line":8,"column":3}},{"start":{},"end":{}}],"line":5},"1":{"loc":{"start":{"line":10,"column":2},"end":{"line":18,"column":3}},"type":"if","locations":[{"start":{"line":10,"column":2},"end":{"line":18,"column":3}},{"start":{},"end":{}}],"line":10}},"s":{"0":0,"1":0,"2":0,"3":0,"4":0,"5":0,"6":0},"f":{"0":0},"b":{"0":[0,0],"1":[0,0]}}
,"/Users/edo/Dropbox/fs-course/part5/bloglist-frontend/src/components/Togglable.jsx": {"path":"/Users/edo/Dropbox/fs-course/part5/bloglist-frontend/src/components/Togglable.jsx","statementMap":{"0":{"start":{"line":4,"column":18},"end":{"line":40,"column":2}},"1":{"start":{"line":6,"column":32},"end":{"line":6,"column":47}},"2":{"start":{"line":8,"column":31},"end":{"line":8,"column":65}},"3":{"start":{"line":9,"column":31},"end":{"line":9,"column":65}},"4":{"start":{"line":11,"column":27},"end":{"line":14,"column":3}},"5":{"start":{"line":13,"column":4},"end":{"line":13,"column":24}},"6":{"start":{"line":16,"column":2},"end":{"line":22,"column":4}},"7":{"start":{"line":18,"column":4},"end":{"line":21,"column":5}},"8":{"start":{"line":24,"column":2},"end":{"line":39,"column":3}},"9":{"start":{"line":42,"column":0},"end":{"line":45,"column":1}},"10":{"start":{"line":47,"column":0},"end":{"line":47,"column":35}}},"fnMap":{"0":{"name":"(anonymous_0)","decl":{"start":{"line":4,"column":29},"end":{"line":4,"column":30}},"loc":{"start":{"line":4,"column":46},"end":{"line":40,"column":1}},"line":4},"1":{"name":"(anonymous_1)","decl":{"start":{"line":11,"column":27},"end":{"line":11,"column":28}},"loc":{"start":{"line":11,"column":33},"end":{"line":14,"column":3}},"line":11},"2":{"name":"(anonymous_2)","decl":{"start":{"line":16,"column":28},"end":{"line":16,"column":29}},"loc":{"start":{"line":16,"column":34},"end":{"line":22,"column":3}},"line":16}},"branchMap":{"0":{"loc":{"start":{"line":8,"column":42},"end":{"line":8,"column":63}},"type":"cond-expr","locations":[{"start":{"line":8,"column":52},"end":{"line":8,"column":58}},{"start":{"line":8,"column":61},"end":{"line":8,"column":63}}],"line":8},"1":{"loc":{"start":{"line":9,"column":42},"end":{"line":9,"column":63}},"type":"cond-expr","locations":[{"start":{"line":9,"column":52},"end":{"line":9,"column":54}},{"start":{"line":9,"column":57},"end":{"line":9,"column":63}}],"line":9}},"s":{"0":1,"1":7,"2":7,"3":7,"4":7,"5":3,"6":7,"7":0,"8":7,"9":1,"10":1},"f":{"0":7,"1":3,"2":0},"b":{"0":[2,5],"1":[2,5]},"_coverageSchema":"1a1c01bbd47fc00a2c39e90264f33305004495a9","hash":"8892fb870a43334227b28e93b0691fb354a881f6"}
,"/Users/edo/Dropbox/fs-course/part5/bloglist-frontend/src/services/blogs.js": {"path":"/Users/edo/Dropbox/fs-course/part5/bloglist-frontend/src/services/blogs.js","statementMap":{"0":{"start":{"line":2,"column":16},"end":{"line":2,"column":49}},"1":{"start":{"line":4,"column":12},"end":{"line":4,"column":16}},"2":{"start":{"line":6,"column":17},"end":{"line":10,"column":1}},"3":{"start":{"line":8,"column":2},"end":{"line":8,"column":30}},"4":{"start":{"line":12,"column":15},"end":{"line":24,"column":1}},"5":{"start":{"line":14,"column":17},"end":{"line":17,"column":3}},"6":{"start":{"line":19,"column":2},"end":{"line":19,"column":48}},"7":{"start":{"line":21,"column":19},"end":{"line":21,"column":53}},"8":{"start":{"line":23,"column":2},"end":{"line":23,"column":22}},"9":{"start":{"line":26,"column":15},"end":{"line":36,"column":1}},"10":{"start":{"line":28,"column":17},"end":{"line":31,"column":3}},"11":{"start":{"line":33,"column":19},"end":{"line":33,"column":64}},"12":{"start":{"line":35,"column":2},"end":{"line":35,"column":22}},"13":{"start":{"line":39,"column":15},"end":{"line":49,"column":1}},"14":{"start":{"line":41,"column":17},"end":{"line":44,"column":3}},"15":{"start":{"line":46,"column":19},"end":{"line":46,"column":83}},"16":{"start":{"line":48,"column":2},"end":{"line":48,"column":22}},"17":{"start":{"line":51,"column":20},"end":{"line":61,"column":1}},"18":{"start":{"line":53,"column":17},"end":{"line":56,"column":3}},"19":{"start":{"line":58,"column":19},"end":{"line":58,"column":67}},"20":{"start":{"line":60,"column":2},"end":{"line":60,"column":22}}},"fnMap":{"0":{"name":"(anonymous_0)","decl":{"start":{"line":6,"column":17},"end":{"line":6,"column":18}},"loc":{"start":{"line":6,"column":31},"end":{"line":10,"column":1}},"line":6},"1":{"name":"(anonymous_1)","decl":{"start":{"line":12,"column":15},"end":{"line":12,"column":16}},"loc":{"start":{"line":12,"column":27},"end":{"line":24,"column":1}},"line":12},"2":{"name":"(anonymous_2)","decl":{"start":{"line":26,"column":15},"end":{"line":26,"column":16}},"loc":{"start":{"line":26,"column":35},"end":{"line":36,"column":1}},"line":26},"3":{"name":"(anonymous_3)","decl":{"start":{"line":39,"column":15},"end":{"line":39,"column":16}},"loc":{"start":{"line":39,"column":35},"end":{"line":49,"column":1}},"line":39},"4":{"name":"(anonymous_4)","decl":{"start":{"line":51,"column":20},"end":{"line":51,"column":21}},"loc":{"start":{"line":51,"column":34},"end":{"line":61,"column":1}},"line":51}},"branchMap":{},"s":{"0":0,"1":0,"2":0,"3":0,"4":0,"5":0,"6":0,"7":0,"8":0,"9":0,"10":0,"11":0,"12":0,"13":0,"14":0,"15":0,"16":0,"17":0,"18":0,"19":0,"20":0},"f":{"0":0,"1":0,"2":0,"3":0,"4":0},"b":{}}
,"/Users/edo/Dropbox/fs-course/part5/bloglist-frontend/src/services/login.js": {"path":"/Users/edo/Dropbox/fs-course/part5/bloglist-frontend/src/services/login.js","statementMap":{"0":{"start":{"line":2,"column":16},"end":{"line":2,"column":49}},"1":{"start":{"line":5,"column":14},"end":{"line":10,"column":1}},"2":{"start":{"line":7,"column":18},"end":{"line":7,"column":56}},"3":{"start":{"line":9,"column":1},"end":{"line":9,"column":21}}},"fnMap":{"0":{"name":"(anonymous_0)","decl":{"start":{"line":5,"column":14},"end":{"line":5,"column":15}},"loc":{"start":{"line":5,"column":37},"end":{"line":10,"column":1}},"line":5}},"branchMap":{},"s":{"0":0,"1":0,"2":0,"3":0},"f":{"0":0},"b":{}}
}
